# JRE version: OpenJDK Runtime Environment (11.0.12+7) (build 11.0.12+7-b1504.28-7817840)
# Java VM: OpenJDK 64-Bit Server VM (11.0.12+7-b1504.28-7817840, mixed mode, tiered, compressed oops, g1 gc, windows-amd64)
Heap:
 garbage-first heap   total 120832K, used 92930K [0x00000000a0000000, 0x0000000100000000)
  region size 1024K, 19 young (19456K), 2 survivors (2048K)
 Metaspace       used 62710K, capacity 64581K, committed 64636K, reserved 1105920K
  class space    used 8027K, capacity 8693K, committed 8704K, reserved 1048576K
GC Heap History (20 events):
Event: 8.004 GC heap before
{Heap before GC invocations=11 (full 0):
 garbage-first heap   total 120832K, used 98516K [0x00000000a0000000, 0x0000000100000000)
  region size 1024K, 46 young (47104K), 3 survivors (3072K)
 Metaspace       used 50993K, capacity 52401K, committed 52732K, reserved 1095680K
  class space    used 6659K, capacity 7184K, committed 7296K, reserved 1048576K
}
Event: 8.008 GC heap after
{Heap after GC invocations=12 (full 0):
 garbage-first heap   total 120832K, used 57246K [0x00000000a0000000, 0x0000000100000000)
  region size 1024K, 6 young (6144K), 6 survivors (6144K)
 Metaspace       used 50993K, capacity 52401K, committed 52732K, reserved 1095680K
  class space    used 6659K, capacity 7184K, committed 7296K, reserved 1048576K
}
Event: 8.982 GC heap before
{Heap before GC invocations=12 (full 0):
 garbage-first heap   total 120832K, used 96158K [0x00000000a0000000, 0x0000000100000000)
  region size 1024K, 44 young (45056K), 6 survivors (6144K)
 Metaspace       used 52852K, capacity 54474K, committed 54780K, reserved 1097728K
  class space    used 6876K, capacity 7447K, committed 7552K, reserved 1048576K
}
Event: 8.988 GC heap after
{Heap after GC invocations=13 (full 0):
 garbage-first heap   total 120832K, used 60155K [0x00000000a0000000, 0x0000000100000000)
  region size 1024K, 6 young (6144K), 6 survivors (6144K)
 Metaspace       used 52852K, capacity 54474K, committed 54780K, reserved 1097728K
  class space    used 6876K, capacity 7447K, committed 7552K, reserved 1048576K
}
Event: 9.616 GC heap before
{Heap before GC invocations=13 (full 0):
 garbage-first heap   total 120832K, used 76539K [0x00000000a0000000, 0x0000000100000000)
  region size 1024K, 24 young (24576K), 6 survivors (6144K)
 Metaspace       used 53229K, capacity 54961K, committed 55036K, reserved 1097728K
  class space    used 6894K, capacity 7494K, committed 7552K, reserved 1048576K
}
Event: 9.630 GC heap after
{Heap after GC invocations=14 (full 0):
 garbage-first heap   total 120832K, used 60914K [0x00000000a0000000, 0x0000000100000000)
  region size 1024K, 4 young (4096K), 4 survivors (4096K)
 Metaspace       used 53229K, capacity 54961K, committed 55036K, reserved 1097728K
  class space    used 6894K, capacity 7494K, committed 7552K, reserved 1048576K
}
Event: 9.691 GC heap before
{Heap before GC invocations=15 (full 0):
 garbage-first heap   total 120832K, used 63986K [0x00000000a0000000, 0x0000000100000000)
  region size 1024K, 6 young (6144K), 4 survivors (4096K)
 Metaspace       used 53206K, capacity 54922K, committed 55036K, reserved 1097728K
  class space    used 6886K, capacity 7481K, committed 7552K, reserved 1048576K
}
Event: 9.697 GC heap after
{Heap after GC invocations=16 (full 0):
 garbage-first heap   total 120832K, used 64305K [0x00000000a0000000, 0x0000000100000000)
  region size 1024K, 3 young (3072K), 3 survivors (3072K)
 Metaspace       used 53206K, capacity 54922K, committed 55036K, reserved 1097728K
  class space    used 6886K, capacity 7481K, committed 7552K, reserved 1048576K
}
Event: 9.891 GC heap before
{Heap before GC invocations=17 (full 0):
 garbage-first heap   total 120832K, used 67377K [0x00000000a0000000, 0x0000000100000000)
  region size 1024K, 7 young (7168K), 3 survivors (3072K)
 Metaspace       used 53206K, capacity 54922K, committed 55036K, reserved 1097728K
  class space    used 6886K, capacity 7481K, committed 7552K, reserved 1048576K
}
Event: 9.898 GC heap after
{Heap after GC invocations=18 (full 0):
 garbage-first heap   total 120832K, used 67522K [0x00000000a0000000, 0x0000000100000000)
  region size 1024K, 4 young (4096K), 4 survivors (4096K)
 Metaspace       used 53206K, capacity 54922K, committed 55036K, reserved 1097728K
  class space    used 6886K, capacity 7481K, committed 7552K, reserved 1048576K
}
Event: 9.996 GC heap before
{Heap before GC invocations=19 (full 0):
 garbage-first heap   total 120832K, used 72642K [0x00000000a0000000, 0x0000000100000000)
  region size 1024K, 8 young (8192K), 4 survivors (4096K)
 Metaspace       used 53160K, capacity 54844K, committed 55036K, reserved 1097728K
  class space    used 6872K, capacity 7455K, committed 7552K, reserved 1048576K
}
Event: 10.003 GC heap after
{Heap after GC invocations=20 (full 0):
 garbage-first heap   total 120832K, used 72865K [0x00000000a0000000, 0x0000000100000000)
  region size 1024K, 4 young (4096K), 4 survivors (4096K)
 Metaspace       used 53160K, capacity 54844K, committed 55036K, reserved 1097728K
  class space    used 6872K, capacity 7455K, committed 7552K, reserved 1048576K
}
Event: 10.218 GC heap before
{Heap before GC invocations=21 (full 0):
 garbage-first heap   total 120832K, used 88225K [0x00000000a0000000, 0x0000000100000000)
  region size 1024K, 18 young (18432K), 4 survivors (4096K)
 Metaspace       used 54485K, capacity 56220K, committed 56572K, reserved 1097728K
  class space    used 7053K, capacity 7659K, committed 7808K, reserved 1048576K
}
Event: 10.220 GC heap after
{Heap after GC invocations=22 (full 0):
 garbage-first heap   total 120832K, used 76114K [0x00000000a0000000, 0x0000000100000000)
  region size 1024K, 2 young (2048K), 2 survivors (2048K)
 Metaspace       used 54485K, capacity 56220K, committed 56572K, reserved 1097728K
  class space    used 7053K, capacity 7659K, committed 7808K, reserved 1048576K
}
Event: 10.447 GC heap before
{Heap before GC invocations=22 (full 0):
 garbage-first heap   total 120832K, used 89426K [0x00000000a0000000, 0x0000000100000000)
  region size 1024K, 15 young (15360K), 2 survivors (2048K)
 Metaspace       used 55732K, capacity 57438K, committed 57724K, reserved 1099776K
  class space    used 7235K, capacity 7850K, committed 7936K, reserved 1048576K
}
Event: 10.450 GC heap after
{Heap after GC invocations=23 (full 0):
 garbage-first heap   total 120832K, used 76509K [0x00000000a0000000, 0x0000000100000000)
  region size 1024K, 1 young (1024K), 1 survivors (1024K)
 Metaspace       used 55732K, capacity 57438K, committed 57724K, reserved 1099776K
  class space    used 7235K, capacity 7850K, committed 7936K, reserved 1048576K
}
Event: 10.858 GC heap before
{Heap before GC invocations=24 (full 0):
 garbage-first heap   total 120832K, used 91869K [0x00000000a0000000, 0x0000000100000000)
  region size 1024K, 16 young (16384K), 1 survivors (1024K)
 Metaspace       used 58607K, capacity 60478K, committed 60668K, reserved 1101824K
  class space    used 7578K, capacity 8202K, committed 8320K, reserved 1048576K
}
Event: 10.861 GC heap after
{Heap after GC invocations=25 (full 0):
 garbage-first heap   total 120832K, used 77229K [0x00000000a0000000, 0x0000000100000000)
  region size 1024K, 2 young (2048K), 2 survivors (2048K)
 Metaspace       used 58607K, capacity 60478K, committed 60668K, reserved 1101824K
  class space    used 7578K, capacity 8202K, committed 8320K, reserved 1048576K
}
Event: 11.075 GC heap before
{Heap before GC invocations=25 (full 0):
 garbage-first heap   total 120832K, used 92589K [0x00000000a0000000, 0x0000000100000000)
  region size 1024K, 17 young (17408K), 2 survivors (2048K)
 Metaspace       used 60887K, capacity 62672K, committed 62972K, reserved 1103872K
  class space    used 7793K, capacity 8465K, committed 8576K, reserved 1048576K
}
Event: 11.077 GC heap after
{Heap after GC invocations=26 (full 0):
 garbage-first heap   total 120832K, used 77570K [0x00000000a0000000, 0x0000000100000000)
  region size 1024K, 2 young (2048K), 2 survivors (2048K)
 Metaspace       used 60887K, capacity 62672K, committed 62972K, reserved 1103872K
  class space    used 7793K, capacity 8465K, committed 8576K, reserved 1048576K
}

