# JRE version: OpenJDK Runtime Environment (11.0.12+7) (build 11.0.12+7-b1504.28-7817840)
# Java VM: OpenJDK 64-Bit Server VM (11.0.12+7-b1504.28-7817840, mixed mode, tiered, compressed oops, g1 gc, windows-amd64)
Heap:
 garbage-first heap   total 267264K, used 201467K [0x00000000a0000000, 0x0000000100000000)
  region size 1024K, 127 young (130048K), 2 survivors (2048K)
 Metaspace       used 62766K, capacity 64467K, committed 64508K, reserved 1105920K
  class space    used 7945K, capacity 8544K, committed 8576K, reserved 1048576K
GC Heap History (20 events):
Event: 35.706 GC heap before
{Heap before GC invocations=60 (full 0):
 garbage-first heap   total 267264K, used 230536K [0x00000000a0000000, 0x0000000100000000)
  region size 1024K, 153 young (156672K), 7 survivors (7168K)
 Metaspace       used 62530K, capacity 64241K, committed 64508K, reserved 1105920K
  class space    used 7923K, capacity 8495K, committed 8576K, reserved 1048576K
}
Event: 35.709 GC heap after
{Heap after GC invocations=61 (full 0):
 garbage-first heap   total 267264K, used 77570K [0x00000000a0000000, 0x0000000100000000)
  region size 1024K, 5 young (5120K), 5 survivors (5120K)
 Metaspace       used 62530K, capacity 64241K, committed 64508K, reserved 1105920K
  class space    used 7923K, capacity 8495K, committed 8576K, reserved 1048576K
}
Event: 36.715 GC heap before
{Heap before GC invocations=61 (full 0):
 garbage-first heap   total 267264K, used 230146K [0x00000000a0000000, 0x0000000100000000)
  region size 1024K, 154 young (157696K), 5 survivors (5120K)
 Metaspace       used 62535K, capacity 64245K, committed 64508K, reserved 1105920K
  class space    used 7923K, capacity 8495K, committed 8576K, reserved 1048576K
}
Event: 36.719 GC heap after
{Heap after GC invocations=62 (full 0):
 garbage-first heap   total 267264K, used 77567K [0x00000000a0000000, 0x0000000100000000)
  region size 1024K, 5 young (5120K), 5 survivors (5120K)
 Metaspace       used 62535K, capacity 64245K, committed 64508K, reserved 1105920K
  class space    used 7923K, capacity 8495K, committed 8576K, reserved 1048576K
}
Event: 37.729 GC heap before
{Heap before GC invocations=62 (full 0):
 garbage-first heap   total 267264K, used 232191K [0x00000000a0000000, 0x0000000100000000)
  region size 1024K, 156 young (159744K), 5 survivors (5120K)
 Metaspace       used 62535K, capacity 64245K, committed 64508K, reserved 1105920K
  class space    used 7923K, capacity 8495K, committed 8576K, reserved 1048576K
}
Event: 37.734 GC heap after
{Heap after GC invocations=63 (full 0):
 garbage-first heap   total 267264K, used 78321K [0x00000000a0000000, 0x0000000100000000)
  region size 1024K, 5 young (5120K), 5 survivors (5120K)
 Metaspace       used 62535K, capacity 64245K, committed 64508K, reserved 1105920K
  class space    used 7923K, capacity 8495K, committed 8576K, reserved 1048576K
}
Event: 39.693 GC heap before
{Heap before GC invocations=63 (full 0):
 garbage-first heap   total 267264K, used 232945K [0x00000000a0000000, 0x0000000100000000)
  region size 1024K, 156 young (159744K), 5 survivors (5120K)
 Metaspace       used 62535K, capacity 64245K, committed 64508K, reserved 1105920K
  class space    used 7923K, capacity 8495K, committed 8576K, reserved 1048576K
}
Event: 39.704 GC heap after
{Heap after GC invocations=64 (full 0):
 garbage-first heap   total 267264K, used 79181K [0x00000000a0000000, 0x0000000100000000)
  region size 1024K, 6 young (6144K), 6 survivors (6144K)
 Metaspace       used 62535K, capacity 64245K, committed 64508K, reserved 1105920K
  class space    used 7923K, capacity 8495K, committed 8576K, reserved 1048576K
}
Event: 41.240 GC heap before
{Heap before GC invocations=64 (full 0):
 garbage-first heap   total 267264K, used 231757K [0x00000000a0000000, 0x0000000100000000)
  region size 1024K, 155 young (158720K), 6 survivors (6144K)
 Metaspace       used 62535K, capacity 64245K, committed 64508K, reserved 1105920K
  class space    used 7923K, capacity 8495K, committed 8576K, reserved 1048576K
}
Event: 41.250 GC heap after
{Heap after GC invocations=65 (full 0):
 garbage-first heap   total 267264K, used 80317K [0x00000000a0000000, 0x0000000100000000)
  region size 1024K, 7 young (7168K), 7 survivors (7168K)
 Metaspace       used 62535K, capacity 64245K, committed 64508K, reserved 1105920K
  class space    used 7923K, capacity 8495K, committed 8576K, reserved 1048576K
}
Event: 43.162 GC heap before
{Heap before GC invocations=65 (full 0):
 garbage-first heap   total 267264K, used 230845K [0x00000000a0000000, 0x0000000100000000)
  region size 1024K, 154 young (157696K), 7 survivors (7168K)
 Metaspace       used 62536K, capacity 64245K, committed 64508K, reserved 1105920K
  class space    used 7923K, capacity 8495K, committed 8576K, reserved 1048576K
}
Event: 43.170 GC heap after
{Heap after GC invocations=66 (full 0):
 garbage-first heap   total 267264K, used 81063K [0x00000000a0000000, 0x0000000100000000)
  region size 1024K, 7 young (7168K), 7 survivors (7168K)
 Metaspace       used 62536K, capacity 64245K, committed 64508K, reserved 1105920K
  class space    used 7923K, capacity 8495K, committed 8576K, reserved 1048576K
}
Event: 45.881 GC heap before
{Heap before GC invocations=66 (full 0):
 garbage-first heap   total 267264K, used 231591K [0x00000000a0000000, 0x0000000100000000)
  region size 1024K, 154 young (157696K), 7 survivors (7168K)
 Metaspace       used 62536K, capacity 64245K, committed 64508K, reserved 1105920K
  class space    used 7923K, capacity 8495K, committed 8576K, reserved 1048576K
}
Event: 45.892 GC heap after
{Heap after GC invocations=67 (full 0):
 garbage-first heap   total 267264K, used 81716K [0x00000000a0000000, 0x0000000100000000)
  region size 1024K, 8 young (8192K), 8 survivors (8192K)
 Metaspace       used 62536K, capacity 64245K, committed 64508K, reserved 1105920K
  class space    used 7923K, capacity 8495K, committed 8576K, reserved 1048576K
}
Event: 47.479 GC heap before
{Heap before GC invocations=67 (full 0):
 garbage-first heap   total 267264K, used 230196K [0x00000000a0000000, 0x0000000100000000)
  region size 1024K, 153 young (156672K), 8 survivors (8192K)
 Metaspace       used 62537K, capacity 64245K, committed 64508K, reserved 1105920K
  class space    used 7923K, capacity 8495K, committed 8576K, reserved 1048576K
}
Event: 47.488 GC heap after
{Heap after GC invocations=68 (full 0):
 garbage-first heap   total 267264K, used 82272K [0x00000000a0000000, 0x0000000100000000)
  region size 1024K, 8 young (8192K), 8 survivors (8192K)
 Metaspace       used 62537K, capacity 64245K, committed 64508K, reserved 1105920K
  class space    used 7923K, capacity 8495K, committed 8576K, reserved 1048576K
}
Event: 49.123 GC heap before
{Heap before GC invocations=68 (full 0):
 garbage-first heap   total 267264K, used 230752K [0x00000000a0000000, 0x0000000100000000)
  region size 1024K, 153 young (156672K), 8 survivors (8192K)
 Metaspace       used 62537K, capacity 64245K, committed 64508K, reserved 1105920K
  class space    used 7923K, capacity 8495K, committed 8576K, reserved 1048576K
}
Event: 49.135 GC heap after
{Heap after GC invocations=69 (full 0):
 garbage-first heap   total 267264K, used 83330K [0x00000000a0000000, 0x0000000100000000)
  region size 1024K, 9 young (9216K), 9 survivors (9216K)
 Metaspace       used 62537K, capacity 64245K, committed 64508K, reserved 1105920K
  class space    used 7923K, capacity 8495K, committed 8576K, reserved 1048576K
}
Event: 65.079 GC heap before
{Heap before GC invocations=69 (full 0):
 garbage-first heap   total 267264K, used 230786K [0x00000000a0000000, 0x0000000100000000)
  region size 1024K, 152 young (155648K), 9 survivors (9216K)
 Metaspace       used 62712K, capacity 64400K, committed 64508K, reserved 1105920K
  class space    used 7940K, capacity 8543K, committed 8576K, reserved 1048576K
}
Event: 65.092 GC heap after
{Heap after GC invocations=70 (full 0):
 garbage-first heap   total 267264K, used 74491K [0x00000000a0000000, 0x0000000100000000)
  region size 1024K, 2 young (2048K), 2 survivors (2048K)
 Metaspace       used 62712K, capacity 64400K, committed 64508K, reserved 1105920K
  class space    used 7940K, capacity 8543K, committed 8576K, reserved 1048576K
}

