# JRE version: OpenJDK Runtime Environment (11.0.12+7) (build 11.0.12+7-b1504.28-7817840)
# Java VM: OpenJDK 64-Bit Server VM (11.0.12+7-b1504.28-7817840, mixed mode, tiered, compressed oops, g1 gc, windows-amd64)
Heap:
 garbage-first heap   total 214016K, used 102033K [0x00000000a0000000, 0x0000000100000000)
  region size 1024K, 3 young (3072K), 3 survivors (3072K)
 Metaspace       used 76767K, capacity 79169K, committed 79432K, reserved 1118208K
  class space    used 9832K, capacity 10679K, committed 10700K, reserved 1048576K
GC Heap History (20 events):
Event: 14.324 GC heap after
{Heap after GC invocations=51 (full 0):
 garbage-first heap   total 120832K, used 95894K [0x00000000a0000000, 0x0000000100000000)
  region size 1024K, 1 young (1024K), 1 survivors (1024K)
 Metaspace       used 73337K, capacity 75455K, committed 75720K, reserved 1116160K
  class space    used 9335K, capacity 10045K, committed 10060K, reserved 1048576K
}
Event: 14.354 GC heap before
{Heap before GC invocations=52 (full 0):
 garbage-first heap   total 120832K, used 102038K [0x00000000a0000000, 0x0000000100000000)
  region size 1024K, 7 young (7168K), 1 survivors (1024K)
 Metaspace       used 73381K, capacity 75557K, committed 75848K, reserved 1116160K
  class space    used 9341K, capacity 10078K, committed 10188K, reserved 1048576K
}
Event: 14.356 GC heap after
{Heap after GC invocations=53 (full 0):
 garbage-first heap   total 120832K, used 96292K [0x00000000a0000000, 0x0000000100000000)
  region size 1024K, 1 young (1024K), 1 survivors (1024K)
 Metaspace       used 73381K, capacity 75557K, committed 75848K, reserved 1116160K
  class space    used 9341K, capacity 10078K, committed 10188K, reserved 1048576K
}
Event: 14.398 GC heap before
{Heap before GC invocations=53 (full 0):
 garbage-first heap   total 120832K, used 102436K [0x00000000a0000000, 0x0000000100000000)
  region size 1024K, 7 young (7168K), 1 survivors (1024K)
 Metaspace       used 73464K, capacity 75590K, committed 75848K, reserved 1116160K
  class space    used 9355K, capacity 10087K, committed 10188K, reserved 1048576K
}
Event: 14.400 GC heap after
{Heap after GC invocations=54 (full 0):
 garbage-first heap   total 120832K, used 96545K [0x00000000a0000000, 0x0000000100000000)
  region size 1024K, 1 young (1024K), 1 survivors (1024K)
 Metaspace       used 73464K, capacity 75590K, committed 75848K, reserved 1116160K
  class space    used 9355K, capacity 10087K, committed 10188K, reserved 1048576K
}
Event: 14.435 GC heap before
{Heap before GC invocations=54 (full 0):
 garbage-first heap   total 120832K, used 102689K [0x00000000a0000000, 0x0000000100000000)
  region size 1024K, 7 young (7168K), 1 survivors (1024K)
 Metaspace       used 73568K, capacity 75757K, committed 75848K, reserved 1116160K
  class space    used 9370K, capacity 10120K, committed 10188K, reserved 1048576K
}
Event: 14.437 GC heap after
{Heap after GC invocations=55 (full 0):
 garbage-first heap   total 120832K, used 96698K [0x00000000a0000000, 0x0000000100000000)
  region size 1024K, 1 young (1024K), 1 survivors (1024K)
 Metaspace       used 73568K, capacity 75757K, committed 75848K, reserved 1116160K
  class space    used 9370K, capacity 10120K, committed 10188K, reserved 1048576K
}
Event: 14.510 GC heap before
{Heap before GC invocations=56 (full 0):
 garbage-first heap   total 120832K, used 101818K [0x00000000a0000000, 0x0000000100000000)
  region size 1024K, 7 young (7168K), 1 survivors (1024K)
 Metaspace       used 73802K, capacity 75991K, committed 76104K, reserved 1116160K
  class space    used 9418K, capacity 10172K, committed 10188K, reserved 1048576K
}
Event: 14.512 GC heap after
{Heap after GC invocations=57 (full 0):
 garbage-first heap   total 120832K, used 97133K [0x00000000a0000000, 0x0000000100000000)
  region size 1024K, 1 young (1024K), 1 survivors (1024K)
 Metaspace       used 73802K, capacity 75991K, committed 76104K, reserved 1116160K
  class space    used 9418K, capacity 10172K, committed 10188K, reserved 1048576K
}
Event: 14.541 GC heap before
{Heap before GC invocations=57 (full 0):
 garbage-first heap   total 120832K, used 103277K [0x00000000a0000000, 0x0000000100000000)
  region size 1024K, 7 young (7168K), 1 survivors (1024K)
 Metaspace       used 73949K, capacity 76151K, committed 76488K, reserved 1116160K
  class space    used 9438K, capacity 10204K, committed 10316K, reserved 1048576K
}
Event: 14.543 GC heap after
{Heap after GC invocations=58 (full 0):
 garbage-first heap   total 120832K, used 97222K [0x00000000a0000000, 0x0000000100000000)
  region size 1024K, 1 young (1024K), 1 survivors (1024K)
 Metaspace       used 73949K, capacity 76151K, committed 76488K, reserved 1116160K
  class space    used 9438K, capacity 10204K, committed 10316K, reserved 1048576K
}
Event: 14.592 GC heap before
{Heap before GC invocations=59 (full 0):
 garbage-first heap   total 120832K, used 103366K [0x00000000a0000000, 0x0000000100000000)
  region size 1024K, 7 young (7168K), 1 survivors (1024K)
 Metaspace       used 73979K, capacity 76157K, committed 76488K, reserved 1116160K
  class space    used 9443K, capacity 10206K, committed 10316K, reserved 1048576K
}
Event: 14.594 GC heap after
{Heap after GC invocations=60 (full 0):
 garbage-first heap   total 150528K, used 97242K [0x00000000a0000000, 0x0000000100000000)
  region size 1024K, 1 young (1024K), 1 survivors (1024K)
 Metaspace       used 73979K, capacity 76157K, committed 76488K, reserved 1116160K
  class space    used 9443K, capacity 10206K, committed 10316K, reserved 1048576K
}
Event: 14.707 GC heap before
{Heap before GC invocations=60 (full 0):
 garbage-first heap   total 150528K, used 115674K [0x00000000a0000000, 0x0000000100000000)
  region size 1024K, 19 young (19456K), 1 survivors (1024K)
 Metaspace       used 74649K, capacity 76855K, committed 77128K, reserved 1116160K
  class space    used 9574K, capacity 10355K, committed 10444K, reserved 1048576K
}
Event: 14.709 GC heap after
{Heap after GC invocations=61 (full 0):
 garbage-first heap   total 150528K, used 97668K [0x00000000a0000000, 0x0000000100000000)
  region size 1024K, 1 young (1024K), 1 survivors (1024K)
 Metaspace       used 74649K, capacity 76855K, committed 77128K, reserved 1116160K
  class space    used 9574K, capacity 10355K, committed 10444K, reserved 1048576K
}
Event: 14.790 GC heap before
{Heap before GC invocations=62 (full 0):
 garbage-first heap   total 150528K, used 117124K [0x00000000a0000000, 0x0000000100000000)
  region size 1024K, 20 young (20480K), 1 survivors (1024K)
 Metaspace       used 74713K, capacity 76931K, committed 77128K, reserved 1116160K
  class space    used 9581K, capacity 10358K, committed 10444K, reserved 1048576K
}
Event: 14.793 GC heap after
{Heap after GC invocations=63 (full 0):
 garbage-first heap   total 150528K, used 99112K [0x00000000a0000000, 0x0000000100000000)
  region size 1024K, 3 young (3072K), 3 survivors (3072K)
 Metaspace       used 74713K, capacity 76931K, committed 77128K, reserved 1116160K
  class space    used 9581K, capacity 10358K, committed 10444K, reserved 1048576K
}
Event: 14.899 GC heap before
{Heap before GC invocations=63 (full 0):
 garbage-first heap   total 150528K, used 118568K [0x00000000a0000000, 0x0000000100000000)
  region size 1024K, 22 young (22528K), 3 survivors (3072K)
 Metaspace       used 75176K, capacity 77589K, committed 77768K, reserved 1116160K
  class space    used 9632K, capacity 10451K, committed 10572K, reserved 1048576K
}
Event: 14.903 GC heap after
{Heap after GC invocations=64 (full 0):
 garbage-first heap   total 150528K, used 100540K [0x00000000a0000000, 0x0000000100000000)
  region size 1024K, 3 young (3072K), 3 survivors (3072K)
 Metaspace       used 75176K, capacity 77589K, committed 77768K, reserved 1116160K
  class space    used 9632K, capacity 10451K, committed 10572K, reserved 1048576K
}
Event: 15.158 GC heap before
{Heap before GC invocations=65 (full 0):
 garbage-first heap   total 150528K, used 121020K [0x00000000a0000000, 0x0000000100000000)
  region size 1024K, 23 young (23552K), 3 survivors (3072K)
 Metaspace       used 76767K, capacity 79169K, committed 79432K, reserved 1118208K
  class space    used 9832K, capacity 10679K, committed 10700K, reserved 1048576K
}

